<?xml version="1.0" encoding="UTF-8"?>
<!-- Generated by org.testng.reporters.JUnitXMLReporter -->
<testsuite ignored="0" hostname="DESKTOP-CI74CGQ" failures="0" tests="7" name="Default test" time="67.755" errors="0" timestamp="2025-04-06T22:38:29 IST">
  <testcase classname="com.qa.crm.tests.ContactsPageTest" name="verifyContactsPageLabelTest" time="0.501"/>
  <testcase classname="com.qa.crm.tests.ContactsPageTest" name="createNewContactTest" time="7.726"/>
  <testcase classname="com.qa.crm.tests.ContactsPageTest" name="createNewContactTest" time="9.607"/>
  <testcase classname="com.qa.crm.tests.ContactsPageTest" name="createNewContactTest" time="6.632"/>
  <testcase classname="com.qa.crm.tests.ContactsPageTest" name="searchTest" time="8.18"/>
  <testcase classname="com.qa.crm.tests.ContactsPageTest" name="searchTest" time="9.312"/>
  <testcase classname="com.qa.crm.tests.ContactsPageTest" name="searchTest" time="7.62"/>
</testsuite> <!-- Default test -->
