<?xml version="1.0" encoding="UTF-8"?>
<!-- Generated by org.testng.reporters.JUnitXMLReporter -->
<testsuite ignored="0" hostname="DESKTOP-CI74CGQ" failures="0" tests="7" name="Contacts Page Test" time="213.295" errors="0" timestamp="2025-04-12T21:30:17 IST">
  <testcase classname="com.qa.crm.tests.ContactsPageTest" name="verifyContactsPageLabelTest" time="0.998"/>
  <testcase classname="com.qa.crm.tests.ContactsPageTest" name="createNewContactTest" time="12.964"/>
  <testcase classname="com.qa.crm.tests.ContactsPageTest" name="createNewContactTest" time="17.509"/>
  <testcase classname="com.qa.crm.tests.ContactsPageTest" name="createNewContactTest" time="18.892"/>
  <testcase classname="com.qa.crm.tests.ContactsPageTest" name="searchTest" time="10.899"/>
  <testcase classname="com.qa.crm.tests.ContactsPageTest" name="searchTest" time="11.137"/>
  <testcase classname="com.qa.crm.tests.ContactsPageTest" name="searchTest" time="10.729"/>
</testsuite> <!-- Contacts Page Test -->
