<?xml version="1.0" encoding="UTF-8"?>
<!-- Generated by org.testng.reporters.JUnitXMLReporter -->
<testsuite ignored="0" hostname="DESKTOP-CI74CGQ" failures="0" tests="7" name="Contacts Page Test" time="156.085" errors="0" timestamp="2025-04-13T13:40:21 IST">
  <testcase classname="com.qa.crm.tests.ContactsPageTest" name="verifyContactsPageLabelTest" time="1.523"/>
  <testcase classname="com.qa.crm.tests.ContactsPageTest" name="createNewContactTest" time="11.945"/>
  <testcase classname="com.qa.crm.tests.ContactsPageTest" name="createNewContactTest" time="16.282"/>
  <testcase classname="com.qa.crm.tests.ContactsPageTest" name="createNewContactTest" time="15.459"/>
  <testcase classname="com.qa.crm.tests.ContactsPageTest" name="searchTest" time="10.641"/>
  <testcase classname="com.qa.crm.tests.ContactsPageTest" name="searchTest" time="10.943"/>
  <testcase classname="com.qa.crm.tests.ContactsPageTest" name="searchTest" time="10.012"/>
</testsuite> <!-- Contacts Page Test -->
