<?xml version="1.0" encoding="UTF-8"?>
<!-- Generated by org.testng.reporters.JUnitXMLReporter -->
<testsuite ignored="0" hostname="DESKTOP-CI74CGQ" failures="0" tests="6" name="Home Page Test" time="60.244" errors="0" timestamp="2025-04-13T13:38:45 IST">
  <testcase classname="com.qa.crm.tests.HomePageTest" name="homePageTitleTest" time="0.186"/>
  <testcase classname="com.qa.crm.tests.HomePageTest" name="isHomePageIconTest" time="7.468"/>
  <testcase classname="com.qa.crm.tests.HomePageTest" name="isCalendarPageIconTest" time="2.171"/>
  <testcase classname="com.qa.crm.tests.HomePageTest" name="isContactsPageIconTest" time="0.957"/>
  <testcase classname="com.qa.crm.tests.HomePageTest" name="homePageHeadersCountTest" time="0.059"/>
  <testcase classname="com.qa.crm.tests.HomePageTest" name="homePageHeadersTest" time="0.069"/>
</testsuite> <!-- Home Page Test -->
