<?xml version="1.0" encoding="UTF-8"?>
<!-- Generated by org.testng.reporters.JUnitXMLReporter -->
<testsuite ignored="0" hostname="DESKTOP-CI74CGQ" failures="0" tests="4" name="Login Page Test" time="72.653" errors="0" timestamp="2025-04-13T13:38:58 IST">
  <testcase classname="com.qa.crm.tests.LoginPageTest" name="bellIconExist" time="2.75"/>
  <testcase classname="com.qa.crm.tests.LoginPageTest" name="loginPageTitleTest" time="2.752"/>
  <testcase classname="com.qa.crm.tests.LoginPageTest" name="loginPageURLTest" time="0.889"/>
  <testcase classname="com.qa.crm.tests.LoginPageTest" name="loginTest" time="5.89"/>
</testsuite> <!-- Login Page Test -->
