<?xml version="1.0" encoding="UTF-8"?>
<!-- Generated by org.testng.reporters.JUnitXMLReporter -->
<testsuite ignored="0" hostname="DESKTOP-CI74CGQ" failures="0" tests="4" name="Login Page Test" time="53.976" errors="0" timestamp="2025-03-31T18:44:58 IST">
  <testcase classname="com.qa.crm.tests.LoginPageTest" name="bellIconExist" time="3.023"/>
  <testcase classname="com.qa.crm.tests.LoginPageTest" name="loginPageTitleTest" time="1.138"/>
  <testcase classname="com.qa.crm.tests.LoginPageTest" name="loginPageURLTest" time="0.398"/>
  <testcase classname="com.qa.crm.tests.LoginPageTest" name="loginTest" time="7.757"/>
</testsuite> <!-- Login Page Test -->
