# JRE version: OpenJDK Runtime Environment Temurin-21.0.5+11 (21.0.5+11) (build 21.0.5+11-LTS)
# Java VM: OpenJDK 64-Bit Server VM Temurin-21.0.5+11 (21.0.5+11-LTS, mixed mode, sharing, tiered, compressed oops, compressed class ptrs, g1 gc, windows-amd64)
GC Precious Log:
 CardTable entry size: 512
 Card Set container configuration: InlinePtr #cards 4 size 8 Array Of Cards #cards 16 size 48 Howl #buckets 8 coarsen threshold 3686 Howl Bitmap #cards 512 size 80 coarsen threshold 460 Card regions per heap region 1 cards per card region 4096
 CPUs: 4 total, 4 available
 Memory: 16282M
 Large Page Support: Disabled
 NUMA Support: Disabled
 Compressed Oops: Enabled (Zero based)
 Heap Region Size: 2M
 Heap Min Capacity: 8M
 Heap Initial Capacity: 256M
 Heap Max Capacity: 4072M
 Pre-touch: Disabled
 Parallel Workers: 4
 Concurrent Workers: 1
 Concurrent Refinement Workers: 4
 Periodic GC: Disabled
Heap:
 garbage-first heap   total 122880K, used 77930K [0x0000000701800000, 0x0000000800000000)
  region size 2048K, 18 young (36864K), 3 survivors (6144K)
 Metaspace       used 33265K, committed 33728K, reserved 1114112K
  class space    used 3481K, committed 3712K, reserved 1048576K
GC Heap History (16 events):
Event: 1.032 GC heap before
{Heap before GC invocations=0 (full 0):
 garbage-first heap   total 262144K, used 14336K [0x0000000701800000, 0x0000000800000000)
  region size 2048K, 6 young (12288K), 0 survivors (0K)
 Metaspace       used 2759K, committed 2944K, reserved 1114112K
  class space    used 235K, committed 320K, reserved 1048576K
}
Event: 1.050 GC heap after
{Heap after GC invocations=1 (full 0):
 garbage-first heap   total 262144K, used 10779K [0x0000000701800000, 0x0000000800000000)
  region size 2048K, 1 young (2048K), 1 survivors (2048K)
 Metaspace       used 2759K, committed 2944K, reserved 1114112K
  class space    used 235K, committed 320K, reserved 1048576K
}
Event: 1.422 GC heap before
{Heap before GC invocations=1 (full 0):
 garbage-first heap   total 262144K, used 21019K [0x0000000701800000, 0x0000000800000000)
  region size 2048K, 6 young (12288K), 1 survivors (2048K)
 Metaspace       used 5843K, committed 5952K, reserved 1114112K
  class space    used 520K, committed 576K, reserved 1048576K
}
Event: 1.425 GC heap after
{Heap after GC invocations=2 (full 0):
 garbage-first heap   total 262144K, used 11330K [0x0000000701800000, 0x0000000800000000)
  region size 2048K, 1 young (2048K), 1 survivors (2048K)
 Metaspace       used 5843K, committed 5952K, reserved 1114112K
  class space    used 520K, committed 576K, reserved 1048576K
}
Event: 2.405 GC heap before
{Heap before GC invocations=2 (full 0):
 garbage-first heap   total 262144K, used 44098K [0x0000000701800000, 0x0000000800000000)
  region size 2048K, 17 young (34816K), 1 survivors (2048K)
 Metaspace       used 10436K, committed 10624K, reserved 1114112K
  class space    used 944K, committed 1024K, reserved 1048576K
}
Event: 2.413 GC heap after
{Heap after GC invocations=3 (full 0):
 garbage-first heap   total 262144K, used 17172K [0x0000000701800000, 0x0000000800000000)
  region size 2048K, 3 young (6144K), 3 survivors (6144K)
 Metaspace       used 10436K, committed 10624K, reserved 1114112K
  class space    used 944K, committed 1024K, reserved 1048576K
}
Event: 2.832 GC heap before
{Heap before GC invocations=3 (full 0):
 garbage-first heap   total 262144K, used 51988K [0x0000000701800000, 0x0000000800000000)
  region size 2048K, 21 young (43008K), 3 survivors (6144K)
 Metaspace       used 11750K, committed 11840K, reserved 1114112K
  class space    used 1037K, committed 1088K, reserved 1048576K
}
Event: 2.846 GC heap after
{Heap after GC invocations=4 (full 0):
 garbage-first heap   total 262144K, used 24428K [0x0000000701800000, 0x0000000800000000)
  region size 2048K, 3 young (6144K), 3 survivors (6144K)
 Metaspace       used 11750K, committed 11840K, reserved 1114112K
  class space    used 1037K, committed 1088K, reserved 1048576K
}
Event: 3.361 GC heap before
{Heap before GC invocations=4 (full 0):
 garbage-first heap   total 262144K, used 65388K [0x0000000701800000, 0x0000000800000000)
  region size 2048K, 23 young (47104K), 3 survivors (6144K)
 Metaspace       used 14624K, committed 14784K, reserved 1114112K
  class space    used 1289K, committed 1344K, reserved 1048576K
}
Event: 3.372 GC heap after
{Heap after GC invocations=5 (full 0):
 garbage-first heap   total 262144K, used 29249K [0x0000000701800000, 0x0000000800000000)
  region size 2048K, 3 young (6144K), 3 survivors (6144K)
 Metaspace       used 14624K, committed 14784K, reserved 1114112K
  class space    used 1289K, committed 1344K, reserved 1048576K
}
Event: 4.710 GC heap before
{Heap before GC invocations=5 (full 0):
 garbage-first heap   total 262144K, used 105025K [0x0000000701800000, 0x0000000800000000)
  region size 2048K, 41 young (83968K), 3 survivors (6144K)
 Metaspace       used 21276K, committed 21504K, reserved 1114112K
  class space    used 1999K, committed 2112K, reserved 1048576K
}
Event: 4.723 GC heap after
{Heap after GC invocations=6 (full 0):
 garbage-first heap   total 262144K, used 36639K [0x0000000701800000, 0x0000000800000000)
  region size 2048K, 6 young (12288K), 6 survivors (12288K)
 Metaspace       used 21276K, committed 21504K, reserved 1114112K
  class space    used 1999K, committed 2112K, reserved 1048576K
}
Event: 5.836 GC heap before
{Heap before GC invocations=7 (full 0):
 garbage-first heap   total 122880K, used 98079K [0x0000000701800000, 0x0000000800000000)
  region size 2048K, 36 young (73728K), 6 survivors (12288K)
 Metaspace       used 24517K, committed 24768K, reserved 1114112K
  class space    used 2367K, committed 2496K, reserved 1048576K
}
Event: 5.858 GC heap after
{Heap after GC invocations=8 (full 0):
 garbage-first heap   total 122880K, used 46037K [0x0000000701800000, 0x0000000800000000)
  region size 2048K, 5 young (10240K), 5 survivors (10240K)
 Metaspace       used 24517K, committed 24768K, reserved 1114112K
  class space    used 2367K, committed 2496K, reserved 1048576K
}
Event: 19.505 GC heap before
{Heap before GC invocations=8 (full 0):
 garbage-first heap   total 122880K, used 95189K [0x0000000701800000, 0x0000000800000000)
  region size 2048K, 29 young (59392K), 5 survivors (10240K)
 Metaspace       used 31457K, committed 31872K, reserved 1114112K
  class space    used 3278K, committed 3456K, reserved 1048576K
}
Event: 19.531 GC heap after
{Heap after GC invocations=9 (full 0):
 garbage-first heap   total 122880K, used 51306K [0x0000000701800000, 0x0000000800000000)
  region size 2048K, 3 young (6144K), 3 survivors (6144K)
 Metaspace       used 31457K, committed 31872K, reserved 1114112K
  class space    used 3278K, committed 3456K, reserved 1048576K
}

