<?xml version="1.0" encoding="UTF-8"?>
<!-- Generated by org.testng.reporters.JUnitXMLReporter -->
<testsuite ignored="0" hostname="DESKTOP-CI74CGQ" failures="0" tests="7" name="Contacts Page Test" time="87.072" errors="0" timestamp="2025-03-30T19:01:04 IST">
  <testcase classname="com.qa.crm.tests.ContactsPageTest" name="verifyContactsPageLabelTest" time="0.17"/>
  <testcase classname="com.qa.crm.tests.ContactsPageTest" name="createNewContactTest" time="8.435"/>
  <testcase classname="com.qa.crm.tests.ContactsPageTest" name="createNewContactTest" time="6.473"/>
  <testcase classname="com.qa.crm.tests.ContactsPageTest" name="createNewContactTest" time="6.566"/>
  <testcase classname="com.qa.crm.tests.ContactsPageTest" name="searchTest" time="8.255"/>
  <testcase classname="com.qa.crm.tests.ContactsPageTest" name="searchTest" time="7.69"/>
  <testcase classname="com.qa.crm.tests.ContactsPageTest" name="searchTest" time="6.931"/>
</testsuite> <!-- Contacts Page Test -->
