<?xml version="1.0" encoding="UTF-8"?>
<!-- Generated by org.testng.reporters.JUnitXMLReporter -->
<testsuite ignored="0" hostname="DESKTOP-CI74CGQ" failures="0" tests="3" name="Forms Page Test" time="109.377" errors="0" timestamp="2025-04-12T16:49:05 IST">
  <testcase classname="com.qa.crm.tests.FormPageTest" name="formSubmitPageTest" time="14.988"/>
  <testcase classname="com.qa.crm.tests.FormPageTest" name="formSubmitPageTest" time="13.633"/>
  <testcase classname="com.qa.crm.tests.FormPageTest" name="formSubmitPageTest" time="13.362"/>
</testsuite> <!-- Forms Page Test -->
