<?xml version="1.0" encoding="UTF-8"?>
<!-- Generated by org.testng.reporters.JUnitXMLReporter -->
<testsuite ignored="0" hostname="DESKTOP-CI74CGQ" failures="0" tests="4" name="Login Page Test" time="21.733" errors="0" timestamp="2025-03-28T13:46:40 IST">
  <testcase classname="com.qa.crm.tests.LoginPageTest" name="bellIconExist" time="0.469"/>
  <testcase classname="com.qa.crm.tests.LoginPageTest" name="loginPageTitleTest" time="0.073"/>
  <testcase classname="com.qa.crm.tests.LoginPageTest" name="loginPageURLTest" time="0.099"/>
  <testcase classname="com.qa.crm.tests.LoginPageTest" name="loginTest" time="0.829"/>
</testsuite> <!-- Login Page Test -->
